Using pre-set license
Built from '2020.2/release' branch; Version is '2020.2.0f1 (3721df5a8b28) revision 3613151'; Using compiler version '192528614'; Build Type 'Release'
OS: 'Windows 10  (10.0.0) 64bit' Language: 'pl' Physical Memory: 16231 MB
BatchMode: 1, IsHumanControllingUs: 0, StartBugReporterOnCrash: 0, Is64bit: 1, IsPro: 0

 COMMAND LINE ARGUMENTS:
C:\Windows\Unity\2020.2.0f1\Editor\Unity.exe
-adb2
-batchMode
-noUpm
-name
AssetImportWorker1
-projectPath
D:/Unity Projects/SpaceInvaders
-logFile
Logs/AssetImportWorker1.log
-srvPort
50257
Successfully changed project path to: D:/Unity Projects/SpaceInvaders
D:/Unity Projects/SpaceInvaders
Using Asset Import Pipeline V2.
Refreshing native plugins compatible for Editor in 335.66 ms, found 0 plugins.
Preloading 0 native plugins for Editor in 0.00 ms.
Initialize engine version: 2020.2.0f1 (3721df5a8b28)
[Subsystems] Discovering subsystems at path C:/Windows/Unity/2020.2.0f1/Editor/Data/Resources/UnitySubsystems
[Subsystems] Discovering subsystems at path D:/Unity Projects/SpaceInvaders/Assets
GfxDevice: creating device client; threaded=0
Direct3D:
    Version:  Direct3D 11.0 [level 11.1]
    Renderer: NVIDIA GeForce RTX 2060 (ID=0x1f11)
    Vendor:   
    VRAM:     5980 MB
    Driver:   27.21.14.5671
Shader 'WFX/Transparent Specular': fallback shader 'Particles/Alpha Blended' not found
Shader 'WFX/Transparent Diffuse': fallback shader 'Particles/Alpha Blended' not found
Shader 'Universal Render Pipeline/Particles/Lit': fallback shader 'Universal Render Pipeline/Particles/SimpleLit' not found
Initialize mono
Mono path[0] = 'C:/Windows/Unity/2020.2.0f1/Editor/Data/Managed'
Mono path[1] = 'C:/Windows/Unity/2020.2.0f1/Editor/Data/MonoBleedingEdge/lib/mono/unityjit'
Mono config path = 'C:/Windows/Unity/2020.2.0f1/Editor/Data/MonoBleedingEdge/etc'
Using monoOptions --debugger-agent=transport=dt_socket,embedding=1,server=y,suspend=n,address=127.0.0.1:56272
Begin MonoManager ReloadAssembly
Registering precompiled unity dll's ...
Register platform support module: C:/Windows/Unity/2020.2.0f1/Editor/Data/PlaybackEngines/WindowsStandaloneSupport/UnityEditor.WindowsStandalone.Extensions.dll
Registered in 0.003361 seconds.
Native extension for WindowsStandalone target not found
Refreshing native plugins compatible for Editor in 344.12 ms, found 0 plugins.
Preloading 0 native plugins for Editor in 0.00 ms.
Invoked RoslynAnalysisRunner static constructor.
RoslynAnalysisRunner will not be running.
RoslynAnalysisRunner has terminated.
Mono: successfully reloaded assembly
- Completed reload, in  5.102 seconds
Platform modules already initialized, skipping
Registering precompiled user dll's ...
Registered in 0.013140 seconds.
Begin MonoManager ReloadAssembly
Native extension for WindowsStandalone target not found
Refreshing native plugins compatible for Editor in 388.76 ms, found 0 plugins.
Preloading 0 native plugins for Editor in 0.00 ms.
Invoked RoslynAnalysisRunner static constructor.
RoslynAnalysisRunner will not be running.
RoslynAnalysisRunner has terminated.
Mono: successfully reloaded assembly
- Completed reload, in  4.243 seconds
Platform modules already initialized, skipping
========================================================================
Worker process is ready to serve import requests
Shader 'WFX/Transparent Diffuse': fallback shader 'Particles/Alpha Blended' not found
Shader 'WFX/Transparent Specular': fallback shader 'Particles/Alpha Blended' not found
Shader 'Universal Render Pipeline/Particles/Lit': fallback shader 'Universal Render Pipeline/Particles/SimpleLit' not found
Launched and connected shader compiler UnityShaderCompiler.exe after 0.06 seconds
Refreshing native plugins compatible for Editor in 4.50 ms, found 0 plugins.
Preloading 0 native plugins for Editor in 0.00 ms.
Unloading 4522 Unused Serialized files (Serialized files now loaded: 0)
System memory in use before: 235.1 MB.
System memory in use after: 234.7 MB.

Unloading 51 unused Assets to reduce memory usage. Loaded Objects now: 5004.
Total: 45.778900 ms (FindLiveObjects: 1.337900 ms CreateObjectMapping: 0.792600 ms MarkObjects: 42.901800 ms  DeleteObjects: 0.742900 ms)

========================================================================
Received Import Request.
  path: Assets/ScriptableSettings/BonusesSettings/Life Bonus 1.asset
  artifactKey: Guid(fa0ff032deaf6c2478339782a7a874c4) Importer(815301076,1909f56bfc062723c751e8b465ee728b)
Start importing Assets/ScriptableSettings/BonusesSettings/Life Bonus 1.asset using Guid(fa0ff032deaf6c2478339782a7a874c4) Importer(815301076,1909f56bfc062723c751e8b465ee728b)  -> (artifact id: '481c36f4bb3882ce0886dddcc0d68c68') in 0.069174 seconds
  Import took 0.095729 seconds .

========================================================================
Received Prepare
Registering precompiled user dll's ...
Registered in 0.014306 seconds.
Begin MonoManager ReloadAssembly
Native extension for WindowsStandalone target not found
Refreshing native plugins compatible for Editor in 5.07 ms, found 0 plugins.
Preloading 0 native plugins for Editor in 0.00 ms.
Invoked RoslynAnalysisRunner static constructor.
RoslynAnalysisRunner will not be running.
RoslynAnalysisRunner has terminated.
Mono: successfully reloaded assembly
- Completed reload, in  3.539 seconds
Platform modules already initialized, skipping
Shader 'WFX/Transparent Diffuse': fallback shader 'Particles/Alpha Blended' not found
Shader 'WFX/Transparent Specular': fallback shader 'Particles/Alpha Blended' not found
Shader 'Universal Render Pipeline/Particles/Lit': fallback shader 'Universal Render Pipeline/Particles/SimpleLit' not found
Refreshing native plugins compatible for Editor in 4.30 ms, found 0 plugins.
Preloading 0 native plugins for Editor in 0.00 ms.
Unloading 4241 Unused Serialized files (Serialized files now loaded: 0)
System memory in use before: 208.9 MB.
System memory in use after: 208.6 MB.

Unloading 42 unused Assets to reduce memory usage. Loaded Objects now: 5006.
Total: 52.215100 ms (FindLiveObjects: 2.725300 ms CreateObjectMapping: 1.136900 ms MarkObjects: 47.507300 ms  DeleteObjects: 0.836100 ms)

========================================================================
Received Prepare
Registering precompiled user dll's ...
Registered in 0.011428 seconds.
Begin MonoManager ReloadAssembly
Native extension for WindowsStandalone target not found
Refreshing native plugins compatible for Editor in 3.93 ms, found 0 plugins.
Preloading 0 native plugins for Editor in 0.00 ms.
Invoked RoslynAnalysisRunner static constructor.
RoslynAnalysisRunner will not be running.
RoslynAnalysisRunner has terminated.
Mono: successfully reloaded assembly
- Completed reload, in  3.167 seconds
Platform modules already initialized, skipping
Shader 'WFX/Transparent Diffuse': fallback shader 'Particles/Alpha Blended' not found
Shader 'WFX/Transparent Specular': fallback shader 'Particles/Alpha Blended' not found
Shader 'Universal Render Pipeline/Particles/Lit': fallback shader 'Universal Render Pipeline/Particles/SimpleLit' not found
Refreshing native plugins compatible for Editor in 4.03 ms, found 0 plugins.
Preloading 0 native plugins for Editor in 0.00 ms.
Unloading 4242 Unused Serialized files (Serialized files now loaded: 0)
System memory in use before: 209.0 MB.
System memory in use after: 208.7 MB.

Unloading 42 unused Assets to reduce memory usage. Loaded Objects now: 5008.
Total: 44.382100 ms (FindLiveObjects: 1.130100 ms CreateObjectMapping: 0.842300 ms MarkObjects: 41.714100 ms  DeleteObjects: 0.690300 ms)

========================================================================
Received Prepare
Registering precompiled user dll's ...
Registered in 0.016044 seconds.
Begin MonoManager ReloadAssembly
Native extension for WindowsStandalone target not found
Refreshing native plugins compatible for Editor in 4.97 ms, found 0 plugins.
Preloading 0 native plugins for Editor in 0.00 ms.
Invoked RoslynAnalysisRunner static constructor.
RoslynAnalysisRunner will not be running.
RoslynAnalysisRunner has terminated.
Mono: successfully reloaded assembly
- Completed reload, in  3.434 seconds
Platform modules already initialized, skipping
Shader 'WFX/Transparent Diffuse': fallback shader 'Particles/Alpha Blended' not found
Shader 'WFX/Transparent Specular': fallback shader 'Particles/Alpha Blended' not found
Shader 'Universal Render Pipeline/Particles/Lit': fallback shader 'Universal Render Pipeline/Particles/SimpleLit' not found
Refreshing native plugins compatible for Editor in 4.63 ms, found 0 plugins.
Preloading 0 native plugins for Editor in 0.00 ms.
Unloading 4242 Unused Serialized files (Serialized files now loaded: 0)
System memory in use before: 209.1 MB.
System memory in use after: 208.7 MB.

Unloading 42 unused Assets to reduce memory usage. Loaded Objects now: 5010.
Total: 48.813700 ms (FindLiveObjects: 1.263000 ms CreateObjectMapping: 0.834400 ms MarkObjects: 45.974300 ms  DeleteObjects: 0.737400 ms)

========================================================================
Received Prepare
Registering precompiled user dll's ...
Registered in 0.012015 seconds.
Begin MonoManager ReloadAssembly
Native extension for WindowsStandalone target not found
Refreshing native plugins compatible for Editor in 4.39 ms, found 0 plugins.
Preloading 0 native plugins for Editor in 0.00 ms.
Invoked RoslynAnalysisRunner static constructor.
RoslynAnalysisRunner will not be running.
RoslynAnalysisRunner has terminated.
Mono: successfully reloaded assembly
- Completed reload, in  3.382 seconds
Platform modules already initialized, skipping
Shader 'WFX/Transparent Diffuse': fallback shader 'Particles/Alpha Blended' not found
Shader 'WFX/Transparent Specular': fallback shader 'Particles/Alpha Blended' not found
Shader 'Universal Render Pipeline/Particles/Lit': fallback shader 'Universal Render Pipeline/Particles/SimpleLit' not found
Refreshing native plugins compatible for Editor in 3.82 ms, found 0 plugins.
Preloading 0 native plugins for Editor in 0.00 ms.
Unloading 4242 Unused Serialized files (Serialized files now loaded: 0)
System memory in use before: 209.1 MB.
System memory in use after: 208.7 MB.

Unloading 42 unused Assets to reduce memory usage. Loaded Objects now: 5012.
Total: 41.319000 ms (FindLiveObjects: 1.106800 ms CreateObjectMapping: 0.650700 ms MarkObjects: 38.812800 ms  DeleteObjects: 0.745300 ms)

========================================================================
Received Import Request.
  Time since last request: 1102.121531 seconds.
  path: Assets/Prefabs/Features/SiBonuses
  artifactKey: Guid(f67ea94751fc48244bd1f5c293d56c35) Importer(815301076,1909f56bfc062723c751e8b465ee728b)
Start importing Assets/Prefabs/Features/SiBonuses using Guid(f67ea94751fc48244bd1f5c293d56c35) Importer(815301076,1909f56bfc062723c751e8b465ee728b)  -> (artifact id: '99c4a6c15b6719de5f1ed5709821dc3d') in 0.012195 seconds
  Import took 0.036770 seconds .

========================================================================
Received Import Request.
  Time since last request: 13.651460 seconds.
  path: Assets/Prefabs/Features/SiBonuses/BonusesManager.prefab
  artifactKey: Guid(037ffc93baebec647ba61f081d0cf0fb) Importer(815301076,1909f56bfc062723c751e8b465ee728b)
Start importing Assets/Prefabs/Features/SiBonuses/BonusesManager.prefab using Guid(037ffc93baebec647ba61f081d0cf0fb) Importer(815301076,1909f56bfc062723c751e8b465ee728b)  -> (artifact id: 'b18825fdf8e9bfb465f299c33eaff7eb') in 0.068193 seconds
  Import took 0.092341 seconds .

========================================================================
Received Import Request.
  Time since last request: 0.150684 seconds.
  path: Assets/Prefabs/Features/SiBonuses/BonusesManager.prefab
  artifactKey: Guid(037ffc93baebec647ba61f081d0cf0fb) Importer(815301076,1909f56bfc062723c751e8b465ee728b)
Start importing Assets/Prefabs/Features/SiBonuses/BonusesManager.prefab using Guid(037ffc93baebec647ba61f081d0cf0fb) Importer(815301076,1909f56bfc062723c751e8b465ee728b)  -> (artifact id: 'b18825fdf8e9bfb465f299c33eaff7eb') in 0.010592 seconds
  Import took 0.029095 seconds .

========================================================================
Received Prepare
Registering precompiled user dll's ...
Registered in 0.011815 seconds.
Begin MonoManager ReloadAssembly
Native extension for WindowsStandalone target not found
Refreshing native plugins compatible for Editor in 3.95 ms, found 0 plugins.
Preloading 0 native plugins for Editor in 0.00 ms.
Invoked RoslynAnalysisRunner static constructor.
RoslynAnalysisRunner will not be running.
RoslynAnalysisRunner has terminated.
Mono: successfully reloaded assembly
- Completed reload, in  3.339 seconds
Platform modules already initialized, skipping
Shader 'WFX/Transparent Diffuse': fallback shader 'Particles/Alpha Blended' not found
Shader 'WFX/Transparent Specular': fallback shader 'Particles/Alpha Blended' not found
Shader 'Universal Render Pipeline/Particles/Lit': fallback shader 'Universal Render Pipeline/Particles/SimpleLit' not found
Refreshing native plugins compatible for Editor in 4.34 ms, found 0 plugins.
Preloading 0 native plugins for Editor in 0.00 ms.
Unloading 4242 Unused Serialized files (Serialized files now loaded: 0)
System memory in use before: 209.1 MB.
System memory in use after: 208.8 MB.

Unloading 42 unused Assets to reduce memory usage. Loaded Objects now: 5015.
Total: 43.554400 ms (FindLiveObjects: 1.325800 ms CreateObjectMapping: 0.783500 ms MarkObjects: 40.642400 ms  DeleteObjects: 0.799500 ms)

========================================================================
Received Prepare
Registering precompiled user dll's ...
Registered in 0.016471 seconds.
Begin MonoManager ReloadAssembly
Native extension for WindowsStandalone target not found
Refreshing native plugins compatible for Editor in 4.70 ms, found 0 plugins.
Preloading 0 native plugins for Editor in 0.00 ms.
Invoked RoslynAnalysisRunner static constructor.
RoslynAnalysisRunner will not be running.
RoslynAnalysisRunner has terminated.
Mono: successfully reloaded assembly
- Completed reload, in  3.653 seconds
Platform modules already initialized, skipping
Shader 'WFX/Transparent Diffuse': fallback shader 'Particles/Alpha Blended' not found
Shader 'WFX/Transparent Specular': fallback shader 'Particles/Alpha Blended' not found
Shader 'Universal Render Pipeline/Particles/Lit': fallback shader 'Universal Render Pipeline/Particles/SimpleLit' not found
Refreshing native plugins compatible for Editor in 3.96 ms, found 0 plugins.
Preloading 0 native plugins for Editor in 0.00 ms.
Unloading 4242 Unused Serialized files (Serialized files now loaded: 0)
System memory in use before: 209.1 MB.
System memory in use after: 208.8 MB.

Unloading 42 unused Assets to reduce memory usage. Loaded Objects now: 5017.
Total: 47.647700 ms (FindLiveObjects: 1.188200 ms CreateObjectMapping: 0.785500 ms MarkObjects: 44.809600 ms  DeleteObjects: 0.858900 ms)

========================================================================
Received Import Request.
  Time since last request: 242.901673 seconds.
  path: Assets/ScriptableSettings/BonusesSettings/Life Bonus 1.asset
  artifactKey: Guid(fa0ff032deaf6c2478339782a7a874c4) Importer(815301076,1909f56bfc062723c751e8b465ee728b)
Start importing Assets/ScriptableSettings/BonusesSettings/Life Bonus 1.asset using Guid(fa0ff032deaf6c2478339782a7a874c4) Importer(815301076,1909f56bfc062723c751e8b465ee728b)  -> (artifact id: '849a01a56af6fa445c3470ba780691a6') in 0.029612 seconds
  Import took 0.053693 seconds .

========================================================================
Received Import Request.
  Time since last request: 0.045860 seconds.
  path: Assets/ScriptableSettings/BonusesSettings/Life Bonus 1.asset
  artifactKey: Guid(fa0ff032deaf6c2478339782a7a874c4) Importer(815301076,1909f56bfc062723c751e8b465ee728b)
Start importing Assets/ScriptableSettings/BonusesSettings/Life Bonus 1.asset using Guid(fa0ff032deaf6c2478339782a7a874c4) Importer(815301076,1909f56bfc062723c751e8b465ee728b)  -> (artifact id: '849a01a56af6fa445c3470ba780691a6') in 0.002619 seconds
  Import took 0.019416 seconds .

========================================================================
Received Import Request.
  Time since last request: 1.156205 seconds.
  path: Assets/ScriptableSettings/BonusesSettings/Shield Bonus 1.asset
  artifactKey: Guid(80b619222c673b744b70bead767a8218) Importer(815301076,1909f56bfc062723c751e8b465ee728b)
Start importing Assets/ScriptableSettings/BonusesSettings/Shield Bonus 1.asset using Guid(80b619222c673b744b70bead767a8218) Importer(815301076,1909f56bfc062723c751e8b465ee728b)  -> (artifact id: 'c6e87483a2b7807153f1791b045fdaa3') in 0.002655 seconds
  Import took 0.025935 seconds .

========================================================================
Received Import Request.
  Time since last request: 3.116788 seconds.
  path: Assets/ScriptableSettings/BonusesSettings/Shield Bonus 1.asset
  artifactKey: Guid(80b619222c673b744b70bead767a8218) Importer(815301076,1909f56bfc062723c751e8b465ee728b)
Start importing Assets/ScriptableSettings/BonusesSettings/Shield Bonus 1.asset using Guid(80b619222c673b744b70bead767a8218) Importer(815301076,1909f56bfc062723c751e8b465ee728b)  -> (artifact id: '0f5fac11deed1187d3b3981279ba2495') in 0.062060 seconds
  Import took 0.081347 seconds .

