
=== Sat Sep 21 14:07:24 2019

Packages were changed.
Update Mode: updateDependencies

The following packages were added:
  com.unity.2d.tilemap@1.0.0
  com.unity.ext.nunit@1.0.0
  com.unity.test-framework@1.0.13
  com.unity.timeline@1.1.0
  com.unity.2d.sprite@1.0.0
  com.unity.ide.vscode@1.1.0
  com.unity.ide.rider@1.1.0
  com.unity.ugui@1.0.0
  com.unity.modules.androidjni@1.0.0
  com.unity.multiplayer-hlapi@1.0.2
  com.unity.xr.legacyinputhelpers@2.0.2
The following packages were updated:
  com.unity.analytics from version 3.2.2 to 3.3.2
  com.unity.collab-proxy from version 1.2.15 to 1.2.16
  com.unity.package-manager-ui from version 2.0.3 to 2.2.0
  com.unity.purchasing from version 2.0.3 to 2.0.6
  com.unity.textmeshpro from version 1.3.0 to 2.0.1

=== Sun Nov  3 21:11:12 2019

Packages were changed.
Update Mode: updateDependencies

The following packages were updated:
  com.unity.ide.vscode from version 1.1.0 to 1.1.2

=== Tue Feb 25 22:28:10 2020

Packages were changed.
Update Mode: updateDependencies

The following packages were updated:
  com.unity.analytics from version 3.3.2 to 3.3.5
  com.unity.ide.rider from version 1.1.0 to 1.1.4
  com.unity.ide.vscode from version 1.1.2 to 1.1.4
  com.unity.multiplayer-hlapi from version 1.0.2 to 1.0.4
  com.unity.render-pipelines.lightweight from version 6.9.1 to 7.1.8
  com.unity.test-framework from version 1.0.13 to 1.1.11
  com.unity.timeline from version 1.1.0 to 1.2.10
The following packages were removed:
  com.unity.package-manager-ui@2.2.0

=== Sun Jul 12 22:28:34 2020

Packages were changed.
Update Mode: updateDependencies

The following packages were updated:
  com.unity.ads from version 2.0.8 to 3.4.7
  com.unity.ide.vscode from version 1.1.4 to 1.2.1
  com.unity.multiplayer-hlapi from version 1.0.4 to 1.0.6
  com.unity.render-pipelines.high-definition from version 7.1.8 to 7.3.1
  com.unity.render-pipelines.lightweight from version 7.1.8 to 7.3.1
  com.unity.test-framework from version 1.1.11 to 1.1.14
  com.unity.xr.legacyinputhelpers from version 2.0.2 to 2.1.4

=== Sun Sep 20 21:41:38 2020

Packages were changed.
Update Mode: updateDependencies

The following packages were updated:
  com.unity.test-framework from version 1.1.14 to 1.1.16

=== Wed Dec 23 13:13:49 2020

Packages were changed.
Update Mode: updateDependencies

The following packages were updated:
  com.unity.ads from version 3.4.7 to 3.5.2
  com.unity.ext.nunit from version 1.0.0 to 1.0.5
  com.unity.ide.vscode from version 1.2.1 to 1.2.3
  com.unity.purchasing from version 2.0.6 to 2.1.1
  com.unity.test-framework from version 1.1.16 to 1.1.19
  com.unity.xr.legacyinputhelpers from version 2.1.4 to 2.1.6

=== Wed Dec 23 14:30:59 2020

Packages were changed.
Update Mode: updateDependencies

The following packages were added:
  com.unity.ide.visualstudio@2.0.5
The following packages were updated:
  com.unity.analytics from version 3.3.5 to 3.5.3
  com.unity.collab-proxy from version 1.2.16 to 1.3.9
  com.unity.ide.rider from version 1.1.4 to 2.0.7
  com.unity.render-pipelines.high-definition from version 7.3.1 to 10.2.2
  com.unity.render-pipelines.lightweight from version 7.3.1 to 10.2.2
  com.unity.textmeshpro from version 2.0.1 to 3.0.1

=== Sun Apr  4 13:07:50 2021

Packages were changed.
Update Mode: updateDependencies

The following packages were updated:
  com.unity.ads from version 3.5.2 to 3.6.1
  com.unity.ext.nunit from version 1.0.5 to 1.0.6
  com.unity.ide.visualstudio from version 2.0.5 to 2.0.7
  com.unity.purchasing from version 2.1.1 to 2.2.2
  com.unity.render-pipelines.high-definition from version 10.2.2 to 10.4.0
  com.unity.render-pipelines.lightweight from version 10.2.2 to 10.4.0
  com.unity.test-framework from version 1.1.19 to 1.1.24
  com.unity.timeline from version 1.2.10 to 1.4.6

=== Wed Dec  8 22:53:39 2021

Packages were changed.
Update Mode: updateDependencies

The following packages were updated:
  com.unity.ads from version 3.6.1 to 3.7.5
  com.unity.analytics from version 3.5.3 to 3.6.11
  com.unity.collab-proxy from version 1.3.9 to 1.15.4
  com.unity.ide.visualstudio from version 2.0.7 to 2.0.12
  com.unity.ide.vscode from version 1.2.3 to 1.2.4
  com.unity.purchasing from version 2.2.2 to 4.0.3
  com.unity.render-pipelines.high-definition from version 10.4.0 to 10.7.0
  com.unity.render-pipelines.lightweight from version 10.4.0 to 10.7.0
  com.unity.test-framework from version 1.1.24 to 1.1.29
  com.unity.textmeshpro from version 3.0.1 to 3.0.6
  com.unity.timeline from version 1.4.6 to 1.4.8
  com.unity.xr.legacyinputhelpers from version 2.1.7 to 2.1.8

=== Wed Jun  1 17:49:59 2022

Packages were changed.
Update Mode: updateDependencies

The following packages were updated:
  com.unity.analytics from version 3.6.11 to 3.6.12
  com.unity.burst from version 1.4.7 to 1.6.5
  com.unity.collab-proxy from version 1.15.4 to 1.15.16
  com.unity.ide.rider from version 2.0.7 to 3.0.14
  com.unity.ide.visualstudio from version 2.0.12 to 2.0.15
  com.unity.ide.vscode from version 1.2.4 to 1.2.5
  com.unity.postprocessing from version 2.3.0 to 3.2.2
  com.unity.purchasing from version 4.0.3 to 4.1.4
  com.unity.render-pipelines.high-definition from version 10.7.0 to 12.1.6
  com.unity.test-framework from version 1.1.29 to 1.1.31
  com.unity.timeline from version 1.4.8 to 1.6.4
  com.unity.xr.legacyinputhelpers from version 2.1.8 to 2.1.9
The following packages were removed:
  com.unity.device-simulator@2.2.4-preview
  com.unity.multiplayer-hlapi@1.0.6
  com.unity.render-pipelines.lightweight@10.7.0

=== Fri Nov 11 10:58:52 2022

Packages were changed.
Update Mode: updateDependencies

The following packages were updated:
  com.unity.burst from version 1.6.5 to 1.6.6
  com.unity.collab-proxy from version 1.15.18 to 1.17.6
  com.unity.ide.rider from version 3.0.14 to 3.0.15
  com.unity.ide.visualstudio from version 2.0.15 to 2.0.16
  com.unity.purchasing from version 4.1.5 to 4.4.1
  com.unity.render-pipelines.high-definition from version 12.1.6 to 12.1.7
  com.unity.render-pipelines.universal from version 12.1.6 to 12.1.7
  com.unity.xr.legacyinputhelpers from version 2.1.9 to 2.1.10
